2025-11-26 15:01:54,124 - INFO - ============================================================
2025-11-26 15:03:20,852 - INFO - ============================================================
2025-11-26 15:04:06,106 - INFO - 🚀 Starting review scraping for all banks...
2025-11-26 15:04:06,106 - INFO - ============================================================
2025-11-26 15:04:06,107 - INFO - 📱 Starting to scrape reviews for Commercial Bank of Ethiopia (CBE)...
2025-11-26 15:04:06,930 - INFO - ✅ Successfully scraped 0 reviews for CBE
2025-11-26 15:04:08,940 - INFO - 📱 Starting to scrape reviews for Bank of Abyssinia (BOA)...
2025-11-26 15:04:09,608 - INFO - ✅ Successfully scraped 0 reviews for BOA
2025-11-26 15:04:11,615 - INFO - 📱 Starting to scrape reviews for Dashen Bank (Dashen)...
2025-11-26 15:04:12,203 - INFO - ✅ Successfully scraped 0 reviews for Dashen
2025-11-26 15:04:14,211 - INFO - 🎯 Total reviews collected: 0
2025-11-26 15:04:14,211 - ERROR - 💥 No reviews were collected. Exiting.
2025-11-26 15:14:42,651 - INFO - 🚀 Starting review scraping for all banks...
2025-11-26 15:14:42,651 - INFO - ============================================================
2025-11-26 15:14:42,651 - INFO - 📱 Starting to scrape reviews for Commercial Bank of Ethiopia (CBE)...
2025-11-26 15:16:12,928 - INFO - ✅ Successfully scraped 8109 reviews for CBE
2025-11-26 15:16:14,937 - INFO - 📱 Starting to scrape reviews for Bank of Abyssinia (BOA)...
2025-11-26 15:16:26,581 - INFO - ✅ Successfully scraped 1181 reviews for BOA
2025-11-26 15:16:28,586 - INFO - 📱 Starting to scrape reviews for Dashen Bank (Super App) (Dashen)...
2025-11-26 15:17:01,674 - INFO - ✅ Successfully scraped 761 reviews for Dashen
2025-11-26 15:17:03,687 - INFO - 🎯 Total raw reviews collected: 10051
2025-11-26 15:17:03,764 - INFO - Initial raw reviews count: 10051
2025-11-26 15:17:04,011 - INFO - Cleaned reviews count: 9884 (Dropped 167 rows).
2025-11-26 15:17:04,081 - INFO - 💾 Saved 9884 cleaned reviews to C:\Users\ADMIN\Desktop\KALEB\10Academy\Week2\fintech-reviews-analysis\data\raw\bank_reviews_clean_20251126_151704.csv
